#-----------------------------------------------------------
# Vivado v2020.2 (64-bit)
# SW Build 3064766 on Wed Nov 18 09:12:45 MST 2020
# IP Build 3064653 on Wed Nov 18 14:17:31 MST 2020
# Start of session at: Mon Jun 23 11:05:56 2025
# Process ID: 53872
# Current directory: E:/Maggie/test/HW/examples/GHRD
# Command line: vivado.exe -gui_launcher_event rodinguilauncherevent52828 E:\Maggie\test\HW\examples\GHRD\ztachip.xpr
# Log file: E:/Maggie/test/HW/examples/GHRD/vivado.log
# Journal file: E:/Maggie/test/HW/examples/GHRD\vivado.jou
#-----------------------------------------------------------
start_gui
open_project E:/Maggie/test/HW/examples/GHRD/ztachip.xpr
Scanning sources...
Finished scanning sources
INFO: [IP_Flow 19-234] Refreshing IP repositories
INFO: [IP_Flow 19-1704] No user IP repositories specified
INFO: [IP_Flow 19-2313] Loaded Vivado IP repository 'E:/vivado2020/Vivado/2020.2/data/ip'.
open_project: Time (s): cpu = 00:00:13 ; elapsed = 00:00:10 . Memory (MB): peak = 1002.406 ; gain = 0.000
update_compile_order -fileset sources_1
copy_run -name synth_1_copy_1 [get_runs synth_1] 
synth_1_copy_1
set_property part xc7a35ticsg324-1L [current_project]
WARNING: [IP_Flow 19-2162] IP 'mig_7series_0' is locked:
* Current project part 'xc7a35ticsg324-1L' and the part 'xc7a100tcsg324-1' used to customize the IP 'mig_7series_0' do not match.
WARNING: [IP_Flow 19-2162] IP 'clk_wiz_0' is locked:
* Current project part 'xc7a35ticsg324-1L' and the part 'xc7a100tcsg324-1' used to customize the IP 'clk_wiz_0' do not match.
export_ip_user_files -of_objects  [get_files E:/Maggie/test/HW/examples/GHRD/ztachip.srcs/sources_1/ip/clk_wiz_0/clk_wiz_0.xci] -no_script -reset -force -quiet
remove_files  -fileset clk_wiz_0 E:/Maggie/test/HW/examples/GHRD/ztachip.srcs/sources_1/ip/clk_wiz_0/clk_wiz_0.xci
INFO: [Project 1-386] Moving file 'E:/Maggie/test/HW/examples/GHRD/ztachip.srcs/sources_1/ip/clk_wiz_0/clk_wiz_0.xci' from fileset 'clk_wiz_0' to fileset 'sources_1'.
create_ip -name clk_wiz -vendor xilinx.com -library ip -version 6.0 -module_name clk_wiz_0
set_property -dict [list CONFIG.CLKOUT2_USED {true} CONFIG.CLKOUT3_USED {true} CONFIG.CLKOUT4_USED {true} CONFIG.CLKOUT5_USED {true} CONFIG.CLKOUT6_USED {true} CONFIG.CLKOUT1_REQUESTED_OUT_FREQ {25.150} CONFIG.CLKOUT2_REQUESTED_OUT_FREQ {200.000} CONFIG.CLKOUT3_REQUESTED_OUT_FREQ {166.666} CONFIG.CLKOUT4_REQUESTED_OUT_FREQ {24.000} CONFIG.CLKOUT5_REQUESTED_OUT_FREQ {125.000} CONFIG.CLKOUT6_REQUESTED_OUT_FREQ {250.000} CONFIG.RESET_TYPE {ACTIVE_LOW} CONFIG.MMCM_CLKFBOUT_MULT_F {10.000} CONFIG.MMCM_CLKOUT0_DIVIDE_F {39.750} CONFIG.MMCM_CLKOUT1_DIVIDE {5} CONFIG.MMCM_CLKOUT2_DIVIDE {6} CONFIG.MMCM_CLKOUT3_DIVIDE {42} CONFIG.MMCM_CLKOUT4_DIVIDE {8} CONFIG.MMCM_CLKOUT5_DIVIDE {4} CONFIG.NUM_OUT_CLKS {6} CONFIG.RESET_PORT {resetn} CONFIG.CLKOUT1_JITTER {175.186} CONFIG.CLKOUT1_PHASE_ERROR {98.575} CONFIG.CLKOUT2_JITTER {114.829} CONFIG.CLKOUT2_PHASE_ERROR {98.575} CONFIG.CLKOUT3_JITTER {118.758} CONFIG.CLKOUT3_PHASE_ERROR {98.575} CONFIG.CLKOUT4_JITTER {177.091} CONFIG.CLKOUT4_PHASE_ERROR {98.575} CONFIG.CLKOUT5_JITTER {125.247} CONFIG.CLKOUT5_PHASE_ERROR {98.575} CONFIG.CLKOUT6_JITTER {110.209} CONFIG.CLKOUT6_PHASE_ERROR {98.575}] [get_ips clk_wiz_0]
generate_target {instantiation_template} [get_files e:/Maggie/test/HW/examples/GHRD/ztachip.srcs/sources_1/ip/clk_wiz_0_1/clk_wiz_0.xci]
INFO: [IP_Flow 19-1686] Generating 'Instantiation Template' target for IP 'clk_wiz_0'...
update_compile_order -fileset sources_1
generate_target all [get_files  e:/Maggie/test/HW/examples/GHRD/ztachip.srcs/sources_1/ip/clk_wiz_0_1/clk_wiz_0.xci]
INFO: [IP_Flow 19-1686] Generating 'Synthesis' target for IP 'clk_wiz_0'...
INFO: [IP_Flow 19-1686] Generating 'Simulation' target for IP 'clk_wiz_0'...
INFO: [IP_Flow 19-1686] Generating 'Implementation' target for IP 'clk_wiz_0'...
INFO: [IP_Flow 19-1686] Generating 'Change Log' target for IP 'clk_wiz_0'...
catch { config_ip_cache -export [get_ips -all clk_wiz_0] }
export_ip_user_files -of_objects [get_files e:/Maggie/test/HW/examples/GHRD/ztachip.srcs/sources_1/ip/clk_wiz_0_1/clk_wiz_0.xci] -no_script -sync -force -quiet
create_ip_run [get_files -of_objects [get_fileset sources_1] e:/Maggie/test/HW/examples/GHRD/ztachip.srcs/sources_1/ip/clk_wiz_0_1/clk_wiz_0.xci]
launch_runs clk_wiz_0_synth_1 -jobs 8
[Mon Jun 23 12:01:37 2025] Launched clk_wiz_0_synth_1...
Run output will be captured here: E:/Maggie/test/HW/examples/GHRD/ztachip.runs/clk_wiz_0_synth_1/runme.log
export_simulation -of_objects [get_files e:/Maggie/test/HW/examples/GHRD/ztachip.srcs/sources_1/ip/clk_wiz_0_1/clk_wiz_0.xci] -directory E:/Maggie/test/HW/examples/GHRD/ztachip.ip_user_files/sim_scripts -ip_user_files_dir E:/Maggie/test/HW/examples/GHRD/ztachip.ip_user_files -ipstatic_source_dir E:/Maggie/test/HW/examples/GHRD/ztachip.ip_user_files/ipstatic -lib_map_path [list {modelsim=E:/Maggie/test/HW/examples/GHRD/ztachip.cache/compile_simlib/modelsim} {questa=E:/Maggie/test/HW/examples/GHRD/ztachip.cache/compile_simlib/questa} {riviera=E:/Maggie/test/HW/examples/GHRD/ztachip.cache/compile_simlib/riviera} {activehdl=E:/Maggie/test/HW/examples/GHRD/ztachip.cache/compile_simlib/activehdl}] -use_ip_compiled_libs -force -quiet
export_ip_user_files -of_objects  [get_files E:/Maggie/test/HW/examples/GHRD/ztachip.srcs/sources_1/ip/mig_7series_0/mig_7series_0.xci] -no_script -reset -force -quiet
remove_files  -fileset mig_7series_0 E:/Maggie/test/HW/examples/GHRD/ztachip.srcs/sources_1/ip/mig_7series_0/mig_7series_0.xci
INFO: [Project 1-386] Moving file 'E:/Maggie/test/HW/examples/GHRD/ztachip.srcs/sources_1/ip/mig_7series_0/mig_7series_0.xci' from fileset 'mig_7series_0' to fileset 'sources_1'.
create_ip -name mig_7series -vendor xilinx.com -library ip -version 4.2 -module_name mig_7series_0
set_property -dict [list CONFIG.XML_INPUT_FILE {mig_a.prj} CONFIG.RESET_BOARD_INTERFACE {Custom} CONFIG.MIG_DONT_TOUCH_PARAM {Custom} CONFIG.BOARD_MIG_PARAM {Custom} CONFIG.SYSTEM_RESET.INSERT_VIP {0} CONFIG.CLK_REF_I.INSERT_VIP {0} CONFIG.RESET.INSERT_VIP {0} CONFIG.DDR3_RESET.INSERT_VIP {0} CONFIG.DDR2_RESET.INSERT_VIP {0} CONFIG.LPDDR2_RESET.INSERT_VIP {0} CONFIG.QDRIIP_RESET.INSERT_VIP {0} CONFIG.RLDII_RESET.INSERT_VIP {0} CONFIG.RLDIII_RESET.INSERT_VIP {0} CONFIG.CLOCK.INSERT_VIP {0} CONFIG.MMCM_CLKOUT0.INSERT_VIP {0} CONFIG.MMCM_CLKOUT1.INSERT_VIP {0} CONFIG.MMCM_CLKOUT2.INSERT_VIP {0} CONFIG.MMCM_CLKOUT3.INSERT_VIP {0} CONFIG.MMCM_CLKOUT4.INSERT_VIP {0} CONFIG.S_AXI_CTRL.INSERT_VIP {0} CONFIG.S_AXI.INSERT_VIP {0} CONFIG.SYS_CLK_I.INSERT_VIP {0} CONFIG.ARESETN.INSERT_VIP {0} CONFIG.C0_RESET.INSERT_VIP {0} CONFIG.C0_DDR3_RESET.INSERT_VIP {0} CONFIG.C0_DDR2_RESET.INSERT_VIP {0} CONFIG.C0_LPDDR2_RESET.INSERT_VIP {0} CONFIG.C0_QDRIIP_RESET.INSERT_VIP {0} CONFIG.C0_RLDII_RESET.INSERT_VIP {0} CONFIG.C0_RLDIII_RESET.INSERT_VIP {0} CONFIG.C0_CLOCK.INSERT_VIP {0} CONFIG.C0_MMCM_CLKOUT0.INSERT_VIP {0} CONFIG.C0_MMCM_CLKOUT1.INSERT_VIP {0} CONFIG.C0_MMCM_CLKOUT2.INSERT_VIP {0} CONFIG.C0_MMCM_CLKOUT3.INSERT_VIP {0} CONFIG.C0_MMCM_CLKOUT4.INSERT_VIP {0} CONFIG.S0_AXI_CTRL.INSERT_VIP {0} CONFIG.S0_AXI.INSERT_VIP {0} CONFIG.C0_SYS_CLK_I.INSERT_VIP {0} CONFIG.C0_ARESETN.INSERT_VIP {0} CONFIG.C1_RESET.INSERT_VIP {0} CONFIG.C1_DDR3_RESET.INSERT_VIP {0} CONFIG.C1_DDR2_RESET.INSERT_VIP {0} CONFIG.C1_LPDDR2_RESET.INSERT_VIP {0} CONFIG.C1_QDRIIP_RESET.INSERT_VIP {0} CONFIG.C1_RLDII_RESET.INSERT_VIP {0} CONFIG.C1_RLDIII_RESET.INSERT_VIP {0} CONFIG.C1_CLOCK.INSERT_VIP {0} CONFIG.C1_MMCM_CLKOUT0.INSERT_VIP {0} CONFIG.C1_MMCM_CLKOUT1.INSERT_VIP {0} CONFIG.C1_MMCM_CLKOUT2.INSERT_VIP {0} CONFIG.C1_MMCM_CLKOUT3.INSERT_VIP {0} CONFIG.C1_MMCM_CLKOUT4.INSERT_VIP {0} CONFIG.S1_AXI_CTRL.INSERT_VIP {0} CONFIG.S1_AXI.INSERT_VIP {0} CONFIG.C1_SYS_CLK_I.INSERT_VIP {0} CONFIG.C1_ARESETN.INSERT_VIP {0} CONFIG.C2_RESET.INSERT_VIP {0} CONFIG.C2_DDR3_RESET.INSERT_VIP {0} CONFIG.C2_DDR2_RESET.INSERT_VIP {0} CONFIG.C2_LPDDR2_RESET.INSERT_VIP {0} CONFIG.C2_QDRIIP_RESET.INSERT_VIP {0} CONFIG.C2_RLDII_RESET.INSERT_VIP {0} CONFIG.C2_RLDIII_RESET.INSERT_VIP {0} CONFIG.C2_CLOCK.INSERT_VIP {0} CONFIG.C2_MMCM_CLKOUT0.INSERT_VIP {0} CONFIG.C2_MMCM_CLKOUT1.INSERT_VIP {0} CONFIG.C2_MMCM_CLKOUT2.INSERT_VIP {0} CONFIG.C2_MMCM_CLKOUT3.INSERT_VIP {0} CONFIG.C2_MMCM_CLKOUT4.INSERT_VIP {0} CONFIG.S2_AXI_CTRL.INSERT_VIP {0} CONFIG.S2_AXI.INSERT_VIP {0} CONFIG.C2_SYS_CLK_I.INSERT_VIP {0} CONFIG.C2_ARESETN.INSERT_VIP {0} CONFIG.C3_RESET.INSERT_VIP {0} CONFIG.C3_DDR3_RESET.INSERT_VIP {0} CONFIG.C3_DDR2_RESET.INSERT_VIP {0} CONFIG.C3_LPDDR2_RESET.INSERT_VIP {0} CONFIG.C3_QDRIIP_RESET.INSERT_VIP {0} CONFIG.C3_RLDII_RESET.INSERT_VIP {0} CONFIG.C3_RLDIII_RESET.INSERT_VIP {0} CONFIG.C3_CLOCK.INSERT_VIP {0} CONFIG.C3_MMCM_CLKOUT0.INSERT_VIP {0} CONFIG.C3_MMCM_CLKOUT1.INSERT_VIP {0} CONFIG.C3_MMCM_CLKOUT2.INSERT_VIP {0} CONFIG.C3_MMCM_CLKOUT3.INSERT_VIP {0} CONFIG.C3_MMCM_CLKOUT4.INSERT_VIP {0} CONFIG.S3_AXI_CTRL.INSERT_VIP {0} CONFIG.S3_AXI.INSERT_VIP {0} CONFIG.C3_SYS_CLK_I.INSERT_VIP {0} CONFIG.C3_ARESETN.INSERT_VIP {0} CONFIG.C4_RESET.INSERT_VIP {0} CONFIG.C4_DDR3_RESET.INSERT_VIP {0} CONFIG.C4_DDR2_RESET.INSERT_VIP {0} CONFIG.C4_LPDDR2_RESET.INSERT_VIP {0} CONFIG.C4_QDRIIP_RESET.INSERT_VIP {0} CONFIG.C4_RLDII_RESET.INSERT_VIP {0} CONFIG.C4_RLDIII_RESET.INSERT_VIP {0} CONFIG.C4_CLOCK.INSERT_VIP {0} CONFIG.C4_MMCM_CLKOUT0.INSERT_VIP {0} CONFIG.C4_MMCM_CLKOUT1.INSERT_VIP {0} CONFIG.C4_MMCM_CLKOUT2.INSERT_VIP {0} CONFIG.C4_MMCM_CLKOUT3.INSERT_VIP {0} CONFIG.C4_MMCM_CLKOUT4.INSERT_VIP {0} CONFIG.S4_AXI_CTRL.INSERT_VIP {0} CONFIG.S4_AXI.INSERT_VIP {0} CONFIG.C4_SYS_CLK_I.INSERT_VIP {0} CONFIG.C4_ARESETN.INSERT_VIP {0} CONFIG.C5_RESET.INSERT_VIP {0} CONFIG.C5_DDR3_RESET.INSERT_VIP {0} CONFIG.C5_DDR2_RESET.INSERT_VIP {0} CONFIG.C5_LPDDR2_RESET.INSERT_VIP {0} CONFIG.C5_QDRIIP_RESET.INSERT_VIP {0} CONFIG.C5_RLDII_RESET.INSERT_VIP {0} CONFIG.C5_RLDIII_RESET.INSERT_VIP {0} CONFIG.C5_CLOCK.INSERT_VIP {0} CONFIG.C5_MMCM_CLKOUT0.INSERT_VIP {0} CONFIG.C5_MMCM_CLKOUT1.INSERT_VIP {0} CONFIG.C5_MMCM_CLKOUT2.INSERT_VIP {0} CONFIG.C5_MMCM_CLKOUT3.INSERT_VIP {0} CONFIG.C5_MMCM_CLKOUT4.INSERT_VIP {0} CONFIG.S5_AXI_CTRL.INSERT_VIP {0} CONFIG.S5_AXI.INSERT_VIP {0} CONFIG.C5_SYS_CLK_I.INSERT_VIP {0} CONFIG.C5_ARESETN.INSERT_VIP {0} CONFIG.C6_RESET.INSERT_VIP {0} CONFIG.C6_DDR3_RESET.INSERT_VIP {0} CONFIG.C6_DDR2_RESET.INSERT_VIP {0} CONFIG.C6_LPDDR2_RESET.INSERT_VIP {0} CONFIG.C6_QDRIIP_RESET.INSERT_VIP {0} CONFIG.C6_RLDII_RESET.INSERT_VIP {0} CONFIG.C6_RLDIII_RESET.INSERT_VIP {0} CONFIG.C6_CLOCK.INSERT_VIP {0} CONFIG.C6_MMCM_CLKOUT0.INSERT_VIP {0} CONFIG.C6_MMCM_CLKOUT1.INSERT_VIP {0} CONFIG.C6_MMCM_CLKOUT2.INSERT_VIP {0} CONFIG.C6_MMCM_CLKOUT3.INSERT_VIP {0} CONFIG.C6_MMCM_CLKOUT4.INSERT_VIP {0} CONFIG.S6_AXI_CTRL.INSERT_VIP {0} CONFIG.S6_AXI.INSERT_VIP {0} CONFIG.C6_SYS_CLK_I.INSERT_VIP {0} CONFIG.C6_ARESETN.INSERT_VIP {0} CONFIG.C7_RESET.INSERT_VIP {0} CONFIG.C7_DDR3_RESET.INSERT_VIP {0} CONFIG.C7_DDR2_RESET.INSERT_VIP {0} CONFIG.C7_LPDDR2_RESET.INSERT_VIP {0} CONFIG.C7_QDRIIP_RESET.INSERT_VIP {0} CONFIG.C7_RLDII_RESET.INSERT_VIP {0} CONFIG.C7_RLDIII_RESET.INSERT_VIP {0} CONFIG.C7_CLOCK.INSERT_VIP {0} CONFIG.C7_MMCM_CLKOUT0.INSERT_VIP {0} CONFIG.C7_MMCM_CLKOUT1.INSERT_VIP {0} CONFIG.C7_MMCM_CLKOUT2.INSERT_VIP {0} CONFIG.C7_MMCM_CLKOUT3.INSERT_VIP {0} CONFIG.C7_MMCM_CLKOUT4.INSERT_VIP {0} CONFIG.S7_AXI_CTRL.INSERT_VIP {0} CONFIG.S7_AXI.INSERT_VIP {0} CONFIG.C7_SYS_CLK_I.INSERT_VIP {0} CONFIG.C7_ARESETN.INSERT_VIP {0}] [get_ips mig_7series_0]
generate_target {instantiation_template} [get_files e:/Maggie/test/HW/examples/GHRD/ztachip.srcs/sources_1/ip/mig_7series_0_1/mig_7series_0.xci]
INFO: [IP_Flow 19-1686] Generating 'Instantiation Template' target for IP 'mig_7series_0'...
update_compile_order -fileset sources_1
generate_target all [get_files  e:/Maggie/test/HW/examples/GHRD/ztachip.srcs/sources_1/ip/mig_7series_0_1/mig_7series_0.xci]
INFO: [IP_Flow 19-1686] Generating 'Synthesis' target for IP 'mig_7series_0'...
INFO: [IP_Flow 19-1686] Generating 'Simulation' target for IP 'mig_7series_0'...
INFO: [IP_Flow 19-1686] Generating 'Implementation' target for IP 'mig_7series_0'...
INFO: [IP_Flow 19-1686] Generating 'Change Log' target for IP 'mig_7series_0'...
generate_target: Time (s): cpu = 00:00:13 ; elapsed = 00:00:14 . Memory (MB): peak = 1802.074 ; gain = 221.738
catch { config_ip_cache -export [get_ips -all mig_7series_0] }
export_ip_user_files -of_objects [get_files e:/Maggie/test/HW/examples/GHRD/ztachip.srcs/sources_1/ip/mig_7series_0_1/mig_7series_0.xci] -no_script -sync -force -quiet
create_ip_run [get_files -of_objects [get_fileset sources_1] e:/Maggie/test/HW/examples/GHRD/ztachip.srcs/sources_1/ip/mig_7series_0_1/mig_7series_0.xci]
launch_runs mig_7series_0_synth_1 -jobs 8
[Mon Jun 23 12:52:52 2025] Launched mig_7series_0_synth_1...
Run output will be captured here: E:/Maggie/test/HW/examples/GHRD/ztachip.runs/mig_7series_0_synth_1/runme.log
export_simulation -of_objects [get_files e:/Maggie/test/HW/examples/GHRD/ztachip.srcs/sources_1/ip/mig_7series_0_1/mig_7series_0.xci] -directory E:/Maggie/test/HW/examples/GHRD/ztachip.ip_user_files/sim_scripts -ip_user_files_dir E:/Maggie/test/HW/examples/GHRD/ztachip.ip_user_files -ipstatic_source_dir E:/Maggie/test/HW/examples/GHRD/ztachip.ip_user_files/ipstatic -lib_map_path [list {modelsim=E:/Maggie/test/HW/examples/GHRD/ztachip.cache/compile_simlib/modelsim} {questa=E:/Maggie/test/HW/examples/GHRD/ztachip.cache/compile_simlib/questa} {riviera=E:/Maggie/test/HW/examples/GHRD/ztachip.cache/compile_simlib/riviera} {activehdl=E:/Maggie/test/HW/examples/GHRD/ztachip.cache/compile_simlib/activehdl}] -use_ip_compiled_libs -force -quiet
set_property -dict [list CONFIG.XML_INPUT_FILE {mig_b.prj} CONFIG.RESET_BOARD_INTERFACE {Custom} CONFIG.MIG_DONT_TOUCH_PARAM {Custom} CONFIG.BOARD_MIG_PARAM {Custom} CONFIG.SYSTEM_RESET.INSERT_VIP {0} CONFIG.CLK_REF_I.INSERT_VIP {0} CONFIG.RESET.INSERT_VIP {0} CONFIG.DDR3_RESET.INSERT_VIP {0} CONFIG.DDR2_RESET.INSERT_VIP {0} CONFIG.LPDDR2_RESET.INSERT_VIP {0} CONFIG.QDRIIP_RESET.INSERT_VIP {0} CONFIG.RLDII_RESET.INSERT_VIP {0} CONFIG.RLDIII_RESET.INSERT_VIP {0} CONFIG.CLOCK.INSERT_VIP {0} CONFIG.MMCM_CLKOUT0.INSERT_VIP {0} CONFIG.MMCM_CLKOUT1.INSERT_VIP {0} CONFIG.MMCM_CLKOUT2.INSERT_VIP {0} CONFIG.MMCM_CLKOUT3.INSERT_VIP {0} CONFIG.MMCM_CLKOUT4.INSERT_VIP {0} CONFIG.S_AXI_CTRL.INSERT_VIP {0} CONFIG.S_AXI.INSERT_VIP {0} CONFIG.SYS_CLK_I.INSERT_VIP {0} CONFIG.ARESETN.INSERT_VIP {0} CONFIG.C0_RESET.INSERT_VIP {0} CONFIG.C0_DDR3_RESET.INSERT_VIP {0} CONFIG.C0_DDR2_RESET.INSERT_VIP {0} CONFIG.C0_LPDDR2_RESET.INSERT_VIP {0} CONFIG.C0_QDRIIP_RESET.INSERT_VIP {0} CONFIG.C0_RLDII_RESET.INSERT_VIP {0} CONFIG.C0_RLDIII_RESET.INSERT_VIP {0} CONFIG.C0_CLOCK.INSERT_VIP {0} CONFIG.C0_MMCM_CLKOUT0.INSERT_VIP {0} CONFIG.C0_MMCM_CLKOUT1.INSERT_VIP {0} CONFIG.C0_MMCM_CLKOUT2.INSERT_VIP {0} CONFIG.C0_MMCM_CLKOUT3.INSERT_VIP {0} CONFIG.C0_MMCM_CLKOUT4.INSERT_VIP {0} CONFIG.S0_AXI_CTRL.INSERT_VIP {0} CONFIG.S0_AXI.INSERT_VIP {0} CONFIG.C0_SYS_CLK_I.INSERT_VIP {0} CONFIG.C0_ARESETN.INSERT_VIP {0} CONFIG.C1_RESET.INSERT_VIP {0} CONFIG.C1_DDR3_RESET.INSERT_VIP {0} CONFIG.C1_DDR2_RESET.INSERT_VIP {0} CONFIG.C1_LPDDR2_RESET.INSERT_VIP {0} CONFIG.C1_QDRIIP_RESET.INSERT_VIP {0} CONFIG.C1_RLDII_RESET.INSERT_VIP {0} CONFIG.C1_RLDIII_RESET.INSERT_VIP {0} CONFIG.C1_CLOCK.INSERT_VIP {0} CONFIG.C1_MMCM_CLKOUT0.INSERT_VIP {0} CONFIG.C1_MMCM_CLKOUT1.INSERT_VIP {0} CONFIG.C1_MMCM_CLKOUT2.INSERT_VIP {0} CONFIG.C1_MMCM_CLKOUT3.INSERT_VIP {0} CONFIG.C1_MMCM_CLKOUT4.INSERT_VIP {0} CONFIG.S1_AXI_CTRL.INSERT_VIP {0} CONFIG.S1_AXI.INSERT_VIP {0} CONFIG.C1_SYS_CLK_I.INSERT_VIP {0} CONFIG.C1_ARESETN.INSERT_VIP {0} CONFIG.C2_RESET.INSERT_VIP {0} CONFIG.C2_DDR3_RESET.INSERT_VIP {0} CONFIG.C2_DDR2_RESET.INSERT_VIP {0} CONFIG.C2_LPDDR2_RESET.INSERT_VIP {0} CONFIG.C2_QDRIIP_RESET.INSERT_VIP {0} CONFIG.C2_RLDII_RESET.INSERT_VIP {0} CONFIG.C2_RLDIII_RESET.INSERT_VIP {0} CONFIG.C2_CLOCK.INSERT_VIP {0} CONFIG.C2_MMCM_CLKOUT0.INSERT_VIP {0} CONFIG.C2_MMCM_CLKOUT1.INSERT_VIP {0} CONFIG.C2_MMCM_CLKOUT2.INSERT_VIP {0} CONFIG.C2_MMCM_CLKOUT3.INSERT_VIP {0} CONFIG.C2_MMCM_CLKOUT4.INSERT_VIP {0} CONFIG.S2_AXI_CTRL.INSERT_VIP {0} CONFIG.S2_AXI.INSERT_VIP {0} CONFIG.C2_SYS_CLK_I.INSERT_VIP {0} CONFIG.C2_ARESETN.INSERT_VIP {0} CONFIG.C3_RESET.INSERT_VIP {0} CONFIG.C3_DDR3_RESET.INSERT_VIP {0} CONFIG.C3_DDR2_RESET.INSERT_VIP {0} CONFIG.C3_LPDDR2_RESET.INSERT_VIP {0} CONFIG.C3_QDRIIP_RESET.INSERT_VIP {0} CONFIG.C3_RLDII_RESET.INSERT_VIP {0} CONFIG.C3_RLDIII_RESET.INSERT_VIP {0} CONFIG.C3_CLOCK.INSERT_VIP {0} CONFIG.C3_MMCM_CLKOUT0.INSERT_VIP {0} CONFIG.C3_MMCM_CLKOUT1.INSERT_VIP {0} CONFIG.C3_MMCM_CLKOUT2.INSERT_VIP {0} CONFIG.C3_MMCM_CLKOUT3.INSERT_VIP {0} CONFIG.C3_MMCM_CLKOUT4.INSERT_VIP {0} CONFIG.S3_AXI_CTRL.INSERT_VIP {0} CONFIG.S3_AXI.INSERT_VIP {0} CONFIG.C3_SYS_CLK_I.INSERT_VIP {0} CONFIG.C3_ARESETN.INSERT_VIP {0} CONFIG.C4_RESET.INSERT_VIP {0} CONFIG.C4_DDR3_RESET.INSERT_VIP {0} CONFIG.C4_DDR2_RESET.INSERT_VIP {0} CONFIG.C4_LPDDR2_RESET.INSERT_VIP {0} CONFIG.C4_QDRIIP_RESET.INSERT_VIP {0} CONFIG.C4_RLDII_RESET.INSERT_VIP {0} CONFIG.C4_RLDIII_RESET.INSERT_VIP {0} CONFIG.C4_CLOCK.INSERT_VIP {0} CONFIG.C4_MMCM_CLKOUT0.INSERT_VIP {0} CONFIG.C4_MMCM_CLKOUT1.INSERT_VIP {0} CONFIG.C4_MMCM_CLKOUT2.INSERT_VIP {0} CONFIG.C4_MMCM_CLKOUT3.INSERT_VIP {0} CONFIG.C4_MMCM_CLKOUT4.INSERT_VIP {0} CONFIG.S4_AXI_CTRL.INSERT_VIP {0} CONFIG.S4_AXI.INSERT_VIP {0} CONFIG.C4_SYS_CLK_I.INSERT_VIP {0} CONFIG.C4_ARESETN.INSERT_VIP {0} CONFIG.C5_RESET.INSERT_VIP {0} CONFIG.C5_DDR3_RESET.INSERT_VIP {0} CONFIG.C5_DDR2_RESET.INSERT_VIP {0} CONFIG.C5_LPDDR2_RESET.INSERT_VIP {0} CONFIG.C5_QDRIIP_RESET.INSERT_VIP {0} CONFIG.C5_RLDII_RESET.INSERT_VIP {0} CONFIG.C5_RLDIII_RESET.INSERT_VIP {0} CONFIG.C5_CLOCK.INSERT_VIP {0} CONFIG.C5_MMCM_CLKOUT0.INSERT_VIP {0} CONFIG.C5_MMCM_CLKOUT1.INSERT_VIP {0} CONFIG.C5_MMCM_CLKOUT2.INSERT_VIP {0} CONFIG.C5_MMCM_CLKOUT3.INSERT_VIP {0} CONFIG.C5_MMCM_CLKOUT4.INSERT_VIP {0} CONFIG.S5_AXI_CTRL.INSERT_VIP {0} CONFIG.S5_AXI.INSERT_VIP {0} CONFIG.C5_SYS_CLK_I.INSERT_VIP {0} CONFIG.C5_ARESETN.INSERT_VIP {0} CONFIG.C6_RESET.INSERT_VIP {0} CONFIG.C6_DDR3_RESET.INSERT_VIP {0} CONFIG.C6_DDR2_RESET.INSERT_VIP {0} CONFIG.C6_LPDDR2_RESET.INSERT_VIP {0} CONFIG.C6_QDRIIP_RESET.INSERT_VIP {0} CONFIG.C6_RLDII_RESET.INSERT_VIP {0} CONFIG.C6_RLDIII_RESET.INSERT_VIP {0} CONFIG.C6_CLOCK.INSERT_VIP {0} CONFIG.C6_MMCM_CLKOUT0.INSERT_VIP {0} CONFIG.C6_MMCM_CLKOUT1.INSERT_VIP {0} CONFIG.C6_MMCM_CLKOUT2.INSERT_VIP {0} CONFIG.C6_MMCM_CLKOUT3.INSERT_VIP {0} CONFIG.C6_MMCM_CLKOUT4.INSERT_VIP {0} CONFIG.S6_AXI_CTRL.INSERT_VIP {0} CONFIG.S6_AXI.INSERT_VIP {0} CONFIG.C6_SYS_CLK_I.INSERT_VIP {0} CONFIG.C6_ARESETN.INSERT_VIP {0} CONFIG.C7_RESET.INSERT_VIP {0} CONFIG.C7_DDR3_RESET.INSERT_VIP {0} CONFIG.C7_DDR2_RESET.INSERT_VIP {0} CONFIG.C7_LPDDR2_RESET.INSERT_VIP {0} CONFIG.C7_QDRIIP_RESET.INSERT_VIP {0} CONFIG.C7_RLDII_RESET.INSERT_VIP {0} CONFIG.C7_RLDIII_RESET.INSERT_VIP {0} CONFIG.C7_CLOCK.INSERT_VIP {0} CONFIG.C7_MMCM_CLKOUT0.INSERT_VIP {0} CONFIG.C7_MMCM_CLKOUT1.INSERT_VIP {0} CONFIG.C7_MMCM_CLKOUT2.INSERT_VIP {0} CONFIG.C7_MMCM_CLKOUT3.INSERT_VIP {0} CONFIG.C7_MMCM_CLKOUT4.INSERT_VIP {0} CONFIG.S7_AXI_CTRL.INSERT_VIP {0} CONFIG.S7_AXI.INSERT_VIP {0} CONFIG.C7_SYS_CLK_I.INSERT_VIP {0} CONFIG.C7_ARESETN.INSERT_VIP {0}] [get_ips mig_7series_0]
generate_target {instantiation_template} [get_files e:/Maggie/test/HW/examples/GHRD/ztachip.srcs/sources_1/ip/mig_7series_0_1/mig_7series_0.xci]
INFO: [IP_Flow 19-1686] Generating 'Instantiation Template' target for IP 'mig_7series_0'...
generate_target all [get_files  e:/Maggie/test/HW/examples/GHRD/ztachip.srcs/sources_1/ip/mig_7series_0_1/mig_7series_0.xci]
INFO: [IP_Flow 19-1686] Generating 'Synthesis' target for IP 'mig_7series_0'...
INFO: [IP_Flow 19-1686] Generating 'Simulation' target for IP 'mig_7series_0'...
INFO: [IP_Flow 19-1686] Generating 'Implementation' target for IP 'mig_7series_0'...
INFO: [IP_Flow 19-1686] Generating 'Change Log' target for IP 'mig_7series_0'...
generate_target: Time (s): cpu = 00:00:15 ; elapsed = 00:00:15 . Memory (MB): peak = 2227.773 ; gain = 249.660
catch { config_ip_cache -export [get_ips -all mig_7series_0] }
export_ip_user_files -of_objects [get_files e:/Maggie/test/HW/examples/GHRD/ztachip.srcs/sources_1/ip/mig_7series_0_1/mig_7series_0.xci] -no_script -sync -force -quiet
reset_run mig_7series_0_synth_1
launch_runs mig_7series_0_synth_1 -jobs 8
[Mon Jun 23 12:57:20 2025] Launched mig_7series_0_synth_1...
Run output will be captured here: E:/Maggie/test/HW/examples/GHRD/ztachip.runs/mig_7series_0_synth_1/runme.log
export_simulation -of_objects [get_files e:/Maggie/test/HW/examples/GHRD/ztachip.srcs/sources_1/ip/mig_7series_0_1/mig_7series_0.xci] -directory E:/Maggie/test/HW/examples/GHRD/ztachip.ip_user_files/sim_scripts -ip_user_files_dir E:/Maggie/test/HW/examples/GHRD/ztachip.ip_user_files -ipstatic_source_dir E:/Maggie/test/HW/examples/GHRD/ztachip.ip_user_files/ipstatic -lib_map_path [list {modelsim=E:/Maggie/test/HW/examples/GHRD/ztachip.cache/compile_simlib/modelsim} {questa=E:/Maggie/test/HW/examples/GHRD/ztachip.cache/compile_simlib/questa} {riviera=E:/Maggie/test/HW/examples/GHRD/ztachip.cache/compile_simlib/riviera} {activehdl=E:/Maggie/test/HW/examples/GHRD/ztachip.cache/compile_simlib/activehdl}] -use_ip_compiled_libs -force -quiet
set_property -dict [list CONFIG.XML_INPUT_FILE {mig_a.prj} CONFIG.RESET_BOARD_INTERFACE {Custom} CONFIG.MIG_DONT_TOUCH_PARAM {Custom} CONFIG.BOARD_MIG_PARAM {Custom} CONFIG.SYSTEM_RESET.INSERT_VIP {0} CONFIG.CLK_REF_I.INSERT_VIP {0} CONFIG.RESET.INSERT_VIP {0} CONFIG.DDR3_RESET.INSERT_VIP {0} CONFIG.DDR2_RESET.INSERT_VIP {0} CONFIG.LPDDR2_RESET.INSERT_VIP {0} CONFIG.QDRIIP_RESET.INSERT_VIP {0} CONFIG.RLDII_RESET.INSERT_VIP {0} CONFIG.RLDIII_RESET.INSERT_VIP {0} CONFIG.CLOCK.INSERT_VIP {0} CONFIG.MMCM_CLKOUT0.INSERT_VIP {0} CONFIG.MMCM_CLKOUT1.INSERT_VIP {0} CONFIG.MMCM_CLKOUT2.INSERT_VIP {0} CONFIG.MMCM_CLKOUT3.INSERT_VIP {0} CONFIG.MMCM_CLKOUT4.INSERT_VIP {0} CONFIG.S_AXI_CTRL.INSERT_VIP {0} CONFIG.S_AXI.INSERT_VIP {0} CONFIG.SYS_CLK_I.INSERT_VIP {0} CONFIG.ARESETN.INSERT_VIP {0} CONFIG.C0_RESET.INSERT_VIP {0} CONFIG.C0_DDR3_RESET.INSERT_VIP {0} CONFIG.C0_DDR2_RESET.INSERT_VIP {0} CONFIG.C0_LPDDR2_RESET.INSERT_VIP {0} CONFIG.C0_QDRIIP_RESET.INSERT_VIP {0} CONFIG.C0_RLDII_RESET.INSERT_VIP {0} CONFIG.C0_RLDIII_RESET.INSERT_VIP {0} CONFIG.C0_CLOCK.INSERT_VIP {0} CONFIG.C0_MMCM_CLKOUT0.INSERT_VIP {0} CONFIG.C0_MMCM_CLKOUT1.INSERT_VIP {0} CONFIG.C0_MMCM_CLKOUT2.INSERT_VIP {0} CONFIG.C0_MMCM_CLKOUT3.INSERT_VIP {0} CONFIG.C0_MMCM_CLKOUT4.INSERT_VIP {0} CONFIG.S0_AXI_CTRL.INSERT_VIP {0} CONFIG.S0_AXI.INSERT_VIP {0} CONFIG.C0_SYS_CLK_I.INSERT_VIP {0} CONFIG.C0_ARESETN.INSERT_VIP {0} CONFIG.C1_RESET.INSERT_VIP {0} CONFIG.C1_DDR3_RESET.INSERT_VIP {0} CONFIG.C1_DDR2_RESET.INSERT_VIP {0} CONFIG.C1_LPDDR2_RESET.INSERT_VIP {0} CONFIG.C1_QDRIIP_RESET.INSERT_VIP {0} CONFIG.C1_RLDII_RESET.INSERT_VIP {0} CONFIG.C1_RLDIII_RESET.INSERT_VIP {0} CONFIG.C1_CLOCK.INSERT_VIP {0} CONFIG.C1_MMCM_CLKOUT0.INSERT_VIP {0} CONFIG.C1_MMCM_CLKOUT1.INSERT_VIP {0} CONFIG.C1_MMCM_CLKOUT2.INSERT_VIP {0} CONFIG.C1_MMCM_CLKOUT3.INSERT_VIP {0} CONFIG.C1_MMCM_CLKOUT4.INSERT_VIP {0} CONFIG.S1_AXI_CTRL.INSERT_VIP {0} CONFIG.S1_AXI.INSERT_VIP {0} CONFIG.C1_SYS_CLK_I.INSERT_VIP {0} CONFIG.C1_ARESETN.INSERT_VIP {0} CONFIG.C2_RESET.INSERT_VIP {0} CONFIG.C2_DDR3_RESET.INSERT_VIP {0} CONFIG.C2_DDR2_RESET.INSERT_VIP {0} CONFIG.C2_LPDDR2_RESET.INSERT_VIP {0} CONFIG.C2_QDRIIP_RESET.INSERT_VIP {0} CONFIG.C2_RLDII_RESET.INSERT_VIP {0} CONFIG.C2_RLDIII_RESET.INSERT_VIP {0} CONFIG.C2_CLOCK.INSERT_VIP {0} CONFIG.C2_MMCM_CLKOUT0.INSERT_VIP {0} CONFIG.C2_MMCM_CLKOUT1.INSERT_VIP {0} CONFIG.C2_MMCM_CLKOUT2.INSERT_VIP {0} CONFIG.C2_MMCM_CLKOUT3.INSERT_VIP {0} CONFIG.C2_MMCM_CLKOUT4.INSERT_VIP {0} CONFIG.S2_AXI_CTRL.INSERT_VIP {0} CONFIG.S2_AXI.INSERT_VIP {0} CONFIG.C2_SYS_CLK_I.INSERT_VIP {0} CONFIG.C2_ARESETN.INSERT_VIP {0} CONFIG.C3_RESET.INSERT_VIP {0} CONFIG.C3_DDR3_RESET.INSERT_VIP {0} CONFIG.C3_DDR2_RESET.INSERT_VIP {0} CONFIG.C3_LPDDR2_RESET.INSERT_VIP {0} CONFIG.C3_QDRIIP_RESET.INSERT_VIP {0} CONFIG.C3_RLDII_RESET.INSERT_VIP {0} CONFIG.C3_RLDIII_RESET.INSERT_VIP {0} CONFIG.C3_CLOCK.INSERT_VIP {0} CONFIG.C3_MMCM_CLKOUT0.INSERT_VIP {0} CONFIG.C3_MMCM_CLKOUT1.INSERT_VIP {0} CONFIG.C3_MMCM_CLKOUT2.INSERT_VIP {0} CONFIG.C3_MMCM_CLKOUT3.INSERT_VIP {0} CONFIG.C3_MMCM_CLKOUT4.INSERT_VIP {0} CONFIG.S3_AXI_CTRL.INSERT_VIP {0} CONFIG.S3_AXI.INSERT_VIP {0} CONFIG.C3_SYS_CLK_I.INSERT_VIP {0} CONFIG.C3_ARESETN.INSERT_VIP {0} CONFIG.C4_RESET.INSERT_VIP {0} CONFIG.C4_DDR3_RESET.INSERT_VIP {0} CONFIG.C4_DDR2_RESET.INSERT_VIP {0} CONFIG.C4_LPDDR2_RESET.INSERT_VIP {0} CONFIG.C4_QDRIIP_RESET.INSERT_VIP {0} CONFIG.C4_RLDII_RESET.INSERT_VIP {0} CONFIG.C4_RLDIII_RESET.INSERT_VIP {0} CONFIG.C4_CLOCK.INSERT_VIP {0} CONFIG.C4_MMCM_CLKOUT0.INSERT_VIP {0} CONFIG.C4_MMCM_CLKOUT1.INSERT_VIP {0} CONFIG.C4_MMCM_CLKOUT2.INSERT_VIP {0} CONFIG.C4_MMCM_CLKOUT3.INSERT_VIP {0} CONFIG.C4_MMCM_CLKOUT4.INSERT_VIP {0} CONFIG.S4_AXI_CTRL.INSERT_VIP {0} CONFIG.S4_AXI.INSERT_VIP {0} CONFIG.C4_SYS_CLK_I.INSERT_VIP {0} CONFIG.C4_ARESETN.INSERT_VIP {0} CONFIG.C5_RESET.INSERT_VIP {0} CONFIG.C5_DDR3_RESET.INSERT_VIP {0} CONFIG.C5_DDR2_RESET.INSERT_VIP {0} CONFIG.C5_LPDDR2_RESET.INSERT_VIP {0} CONFIG.C5_QDRIIP_RESET.INSERT_VIP {0} CONFIG.C5_RLDII_RESET.INSERT_VIP {0} CONFIG.C5_RLDIII_RESET.INSERT_VIP {0} CONFIG.C5_CLOCK.INSERT_VIP {0} CONFIG.C5_MMCM_CLKOUT0.INSERT_VIP {0} CONFIG.C5_MMCM_CLKOUT1.INSERT_VIP {0} CONFIG.C5_MMCM_CLKOUT2.INSERT_VIP {0} CONFIG.C5_MMCM_CLKOUT3.INSERT_VIP {0} CONFIG.C5_MMCM_CLKOUT4.INSERT_VIP {0} CONFIG.S5_AXI_CTRL.INSERT_VIP {0} CONFIG.S5_AXI.INSERT_VIP {0} CONFIG.C5_SYS_CLK_I.INSERT_VIP {0} CONFIG.C5_ARESETN.INSERT_VIP {0} CONFIG.C6_RESET.INSERT_VIP {0} CONFIG.C6_DDR3_RESET.INSERT_VIP {0} CONFIG.C6_DDR2_RESET.INSERT_VIP {0} CONFIG.C6_LPDDR2_RESET.INSERT_VIP {0} CONFIG.C6_QDRIIP_RESET.INSERT_VIP {0} CONFIG.C6_RLDII_RESET.INSERT_VIP {0} CONFIG.C6_RLDIII_RESET.INSERT_VIP {0} CONFIG.C6_CLOCK.INSERT_VIP {0} CONFIG.C6_MMCM_CLKOUT0.INSERT_VIP {0} CONFIG.C6_MMCM_CLKOUT1.INSERT_VIP {0} CONFIG.C6_MMCM_CLKOUT2.INSERT_VIP {0} CONFIG.C6_MMCM_CLKOUT3.INSERT_VIP {0} CONFIG.C6_MMCM_CLKOUT4.INSERT_VIP {0} CONFIG.S6_AXI_CTRL.INSERT_VIP {0} CONFIG.S6_AXI.INSERT_VIP {0} CONFIG.C6_SYS_CLK_I.INSERT_VIP {0} CONFIG.C6_ARESETN.INSERT_VIP {0} CONFIG.C7_RESET.INSERT_VIP {0} CONFIG.C7_DDR3_RESET.INSERT_VIP {0} CONFIG.C7_DDR2_RESET.INSERT_VIP {0} CONFIG.C7_LPDDR2_RESET.INSERT_VIP {0} CONFIG.C7_QDRIIP_RESET.INSERT_VIP {0} CONFIG.C7_RLDII_RESET.INSERT_VIP {0} CONFIG.C7_RLDIII_RESET.INSERT_VIP {0} CONFIG.C7_CLOCK.INSERT_VIP {0} CONFIG.C7_MMCM_CLKOUT0.INSERT_VIP {0} CONFIG.C7_MMCM_CLKOUT1.INSERT_VIP {0} CONFIG.C7_MMCM_CLKOUT2.INSERT_VIP {0} CONFIG.C7_MMCM_CLKOUT3.INSERT_VIP {0} CONFIG.C7_MMCM_CLKOUT4.INSERT_VIP {0} CONFIG.S7_AXI_CTRL.INSERT_VIP {0} CONFIG.S7_AXI.INSERT_VIP {0} CONFIG.C7_SYS_CLK_I.INSERT_VIP {0} CONFIG.C7_ARESETN.INSERT_VIP {0}] [get_ips mig_7series_0]
generate_target {instantiation_template} [get_files e:/Maggie/test/HW/examples/GHRD/ztachip.srcs/sources_1/ip/mig_7series_0_1/mig_7series_0.xci]
INFO: [IP_Flow 19-1686] Generating 'Instantiation Template' target for IP 'mig_7series_0'...
generate_target all [get_files  e:/Maggie/test/HW/examples/GHRD/ztachip.srcs/sources_1/ip/mig_7series_0_1/mig_7series_0.xci]
INFO: [IP_Flow 19-1686] Generating 'Synthesis' target for IP 'mig_7series_0'...
INFO: [IP_Flow 19-1686] Generating 'Simulation' target for IP 'mig_7series_0'...
INFO: [IP_Flow 19-1686] Generating 'Implementation' target for IP 'mig_7series_0'...
INFO: [IP_Flow 19-1686] Generating 'Change Log' target for IP 'mig_7series_0'...
generate_target: Time (s): cpu = 00:00:14 ; elapsed = 00:00:15 . Memory (MB): peak = 2641.410 ; gain = 250.363
catch { config_ip_cache -export [get_ips -all mig_7series_0] }
export_ip_user_files -of_objects [get_files e:/Maggie/test/HW/examples/GHRD/ztachip.srcs/sources_1/ip/mig_7series_0_1/mig_7series_0.xci] -no_script -sync -force -quiet
reset_run mig_7series_0_synth_1
launch_runs mig_7series_0_synth_1 -jobs 8
[Mon Jun 23 13:01:17 2025] Launched mig_7series_0_synth_1...
Run output will be captured here: E:/Maggie/test/HW/examples/GHRD/ztachip.runs/mig_7series_0_synth_1/runme.log
export_simulation -of_objects [get_files e:/Maggie/test/HW/examples/GHRD/ztachip.srcs/sources_1/ip/mig_7series_0_1/mig_7series_0.xci] -directory E:/Maggie/test/HW/examples/GHRD/ztachip.ip_user_files/sim_scripts -ip_user_files_dir E:/Maggie/test/HW/examples/GHRD/ztachip.ip_user_files -ipstatic_source_dir E:/Maggie/test/HW/examples/GHRD/ztachip.ip_user_files/ipstatic -lib_map_path [list {modelsim=E:/Maggie/test/HW/examples/GHRD/ztachip.cache/compile_simlib/modelsim} {questa=E:/Maggie/test/HW/examples/GHRD/ztachip.cache/compile_simlib/questa} {riviera=E:/Maggie/test/HW/examples/GHRD/ztachip.cache/compile_simlib/riviera} {activehdl=E:/Maggie/test/HW/examples/GHRD/ztachip.cache/compile_simlib/activehdl}] -use_ip_compiled_libs -force -quiet
reset_run synth_1
launch_runs synth_1 -jobs 8
[Mon Jun 23 13:14:14 2025] Launched synth_1...
Run output will be captured here: E:/Maggie/test/HW/examples/GHRD/ztachip.runs/synth_1/runme.log
launch_runs impl_1 -jobs 8
[Mon Jun 23 13:21:26 2025] Launched impl_1...
Run output will be captured here: E:/Maggie/test/HW/examples/GHRD/ztachip.runs/impl_1/runme.log
exit
INFO: [Common 17-206] Exiting Vivado at Mon Jun 23 20:44:53 2025...
